#
# There is insufficient memory for the Java Runtime Environment to continue.
# Native memory allocation (malloc) failed to allocate 1824944 bytes for Chunk::new
# Possible reasons:
#   The system is out of physical RAM or swap space
#   In 32 bit mode, the process size limit was hit
# Possible solutions:
#   Reduce memory load on the system
#   Increase physical memory or swap space
#   Check if swap backing store is full
#   Use 64 bit Java on a 64 bit OS
#   Decrease Java heap size (-Xmx/-Xms)
#   Decrease number of Java threads
#   Decrease Java thread stack sizes (-Xss)
#   Set larger code cache with -XX:ReservedCodeCacheSize=
# This output file may be truncated or incomplete.
#
#  Out of Memory Error (allocation.cpp:390), pid=8316, tid=0x0000000000005268
#
# JRE version: Java(TM) SE Runtime Environment (8.0_111-b14) (build 1.8.0_111-b14)
# Java VM: Java HotSpot(TM) 64-Bit Server VM (25.111-b14 mixed mode windows-amd64 compressed oops)
# Failed to write core dump. Minidumps are not enabled by default on client versions of Windows
#

---------------  T H R E A D  ---------------

Current thread (0x0000000015d52800):  JavaThread "C2 CompilerThread0" daemon [_thread_in_native, id=21096, stack(0x0000000016f90000,0x0000000017090000)]

Stack: [0x0000000016f90000,0x0000000017090000]
[error occurred during error reporting (printing stack bounds), id 0xc0000005]

Native frames: (J=compiled Java code, j=interpreted, Vv=VM code, C=native code)


Current CompileTask:
C2:   5888 2118       4       java.net.URLClassLoader$1::run (5 bytes)


---------------  P R O C E S S  ---------------

Java Threads: ( => current thread )
  0x0000000017234800 JavaThread "Monitor Ctrl-Break" daemon [_thread_in_native, id=21116, stack(0x0000000017790000,0x0000000017890000)]
  0x00000000171e9800 JavaThread "Service Thread" daemon [_thread_blocked, id=22248, stack(0x0000000017590000,0x0000000017690000)]
  0x0000000015d59000 JavaThread "C1 CompilerThread1" daemon [_thread_blocked, id=12512, stack(0x0000000017090000,0x0000000017190000)]
=>0x0000000015d52800 JavaThread "C2 CompilerThread0" daemon [_thread_in_native, id=21096, stack(0x0000000016f90000,0x0000000017090000)]
  0x0000000015cfb800 JavaThread "Attach Listener" daemon [_thread_blocked, id=12764, stack(0x0000000016e90000,0x0000000016f90000)]
  0x0000000015cfa800 JavaThread "Signal Dispatcher" daemon [_thread_blocked, id=12576, stack(0x0000000016d90000,0x0000000016e90000)]
  0x0000000015cd9800 JavaThread "Finalizer" daemon [_thread_blocked, id=7688, stack(0x0000000016c30000,0x0000000016d30000)]
  0x0000000002e20000 JavaThread "Reference Handler" daemon [_thread_blocked, id=9652, stack(0x0000000016b30000,0x0000000016c30000)]
  0x0000000002d2e000 JavaThread "main" [_thread_in_native, id=19224, stack(0x0000000002bd0000,0x0000000002cd0000)]

Other Threads:
  0x0000000015cb7800 VMThread [stack: 0x0000000016a30000,0x0000000016b30000] [id=16524]
  0x000000001721f000 WatcherThread [stack: 0x0000000017690000,0x0000000017790000] [id=564]

VM state:not at safepoint (normal execution)

VM Mutex/Monitor currently owned by a thread: None

Heap:
 PSYoungGen      total 24064K, used 13955K [0x00000000e5780000, 0x00000000e7200000, 0x0000000100000000)
  eden space 20992K, 51% used [0x00000000e5780000,0x00000000e6226d68,0x00000000e6c00000)
  from space 3072K, 99% used [0x00000000e6f00000,0x00000000e71fa040,0x00000000e7200000)
  to   space 3072K, 0% used [0x00000000e6c00000,0x00000000e6c00000,0x00000000e6f00000)
 ParOldGen       total 54784K, used 15972K [0x00000000b0600000, 0x00000000b3b80000, 0x00000000e5780000)
  object space 54784K, 29% used [0x00000000b0600000,0x00000000b1599058,0x00000000b3b80000)
 Metaspace       used 15485K, capacity 15786K, committed 16128K, reserved 1062912K
  class space    used 1864K, capacity 1945K, committed 2048K, reserved 1048576K

Card table byte_map: [0x00000000121f0000,0x0000000012470000] byte_map_base: 0x0000000011c6d000

Marking Bits: (ParMarkBitMap*) 0x0000000053cba6c0
 Begin Bits: [0x0000000012920000, 0x0000000013d08000)
 End Bits:   [0x0000000013d08000, 0x00000000150f0000)

Polling page: 0x0000000000ce0000

CodeCache: size=245760Kb used=7879Kb max_used=7879Kb free=237880Kb
 bounds [0x0000000002e30000, 0x00000000035f0000, 0x0000000011e30000]
 total_blobs=2663 nmethods=2320 adapters=256
 compilation: enabled

Compilation events (10 events):
Event: 5.804 Thread 0x0000000015d59000 2328       1       org.eclipse.aether.resolution.ArtifactResult::getRepository (5 bytes)
Event: 5.804 Thread 0x0000000015d59000 nmethod 2328 0x00000000035e7510 code [0x00000000035e7660, 0x00000000035e7770]
Event: 5.807 Thread 0x0000000015d59000 2329       1       org.apache.maven.model.Model::getIssueManagement (5 bytes)
Event: 5.807 Thread 0x0000000015d59000 nmethod 2329 0x00000000035e77d0 code [0x00000000035e7920, 0x00000000035e7a30]
Event: 5.809 Thread 0x0000000015d59000 2331       1       org.eclipse.aether.resolution.VersionRequest::getTrace (5 bytes)
Event: 5.809 Thread 0x0000000015d59000 nmethod 2331 0x00000000035e7a90 code [0x00000000035e7be0, 0x00000000035e7cf0]
Event: 5.816 Thread 0x0000000015d59000 2332       2       org.eclipse.aether.RequestTrace::newChild (19 bytes)
Event: 5.817 Thread 0x0000000015d59000 nmethod 2332 0x00000000035e7d50 code [0x00000000035e7ea0, 0x00000000035e80d0]
Event: 5.827 Thread 0x0000000015d59000 2333       1       org.eclipse.aether.resolution.VersionRangeResult::getVersionConstraint (5 bytes)
Event: 5.827 Thread 0x0000000015d59000 nmethod 2333 0x00000000035e81d0 code [0x00000000035e8320, 0x00000000035e8430]

GC Heap History (10 events):
Event: 1.737 GC heap before
{Heap before GC invocations=2 (full 0):
 PSYoungGen      total 24064K, used 24042K [0x00000000e5780000, 0x00000000e7200000, 0x0000000100000000)
  eden space 20992K, 100% used [0x00000000e5780000,0x00000000e6c00000,0x00000000e6c00000)
  from space 3072K, 99% used [0x00000000e6c00000,0x00000000e6efaad8,0x00000000e6f00000)
  to   space 3072K, 0% used [0x00000000e6f00000,0x00000000e6f00000,0x00000000e7200000)
 ParOldGen       total 54784K, used 1335K [0x00000000b0600000, 0x00000000b3b80000, 0x00000000e5780000)
  object space 54784K, 2% used [0x00000000b0600000,0x00000000b074dee0,0x00000000b3b80000)
 Metaspace       used 9403K, capacity 9572K, committed 9728K, reserved 1058816K
  class space    used 1164K, capacity 1214K, committed 1280K, reserved 1048576K
Event: 1.742 GC heap after
Heap after GC invocations=2 (full 0):
 PSYoungGen      total 24064K, used 3070K [0x00000000e5780000, 0x00000000e7200000, 0x0000000100000000)
  eden space 20992K, 0% used [0x00000000e5780000,0x00000000e5780000,0x00000000e6c00000)
  from space 3072K, 99% used [0x00000000e6f00000,0x00000000e71ffaf8,0x00000000e7200000)
  to   space 3072K, 0% used [0x00000000e6c00000,0x00000000e6c00000,0x00000000e6f00000)
 ParOldGen       total 54784K, used 2495K [0x00000000b0600000, 0x00000000b3b80000, 0x00000000e5780000)
  object space 54784K, 4% used [0x00000000b0600000,0x00000000b086ffb8,0x00000000b3b80000)
 Metaspace       used 9403K, capacity 9572K, committed 9728K, reserved 1058816K
  class space    used 1164K, capacity 1214K, committed 1280K, reserved 1048576K
}
Event: 2.485 GC heap before
{Heap before GC invocations=3 (full 0):
 PSYoungGen      total 24064K, used 24062K [0x00000000e5780000, 0x00000000e7200000, 0x0000000100000000)
  eden space 20992K, 100% used [0x00000000e5780000,0x00000000e6c00000,0x00000000e6c00000)
  from space 3072K, 99% used [0x00000000e6f00000,0x00000000e71ffaf8,0x00000000e7200000)
  to   space 3072K, 0% used [0x00000000e6c00000,0x00000000e6c00000,0x00000000e6f00000)
 ParOldGen       total 54784K, used 2495K [0x00000000b0600000, 0x00000000b3b80000, 0x00000000e5780000)
  object space 54784K, 4% used [0x00000000b0600000,0x00000000b086ffb8,0x00000000b3b80000)
 Metaspace       used 12204K, capacity 12458K, committed 12672K, reserved 1060864K
  class space    used 1539K, capacity 1641K, committed 1664K, reserved 1048576K
Event: 2.493 GC heap after
Heap after GC invocations=3 (full 0):
 PSYoungGen      total 24064K, used 3048K [0x00000000e5780000, 0x00000000e7200000, 0x0000000100000000)
  eden space 20992K, 0% used [0x00000000e5780000,0x00000000e5780000,0x00000000e6c00000)
  from space 3072K, 99% used [0x00000000e6c00000,0x00000000e6efa020,0x00000000e6f00000)
  to   space 3072K, 0% used [0x00000000e6f00000,0x00000000e6f00000,0x00000000e7200000)
 ParOldGen       total 54784K, used 5506K [0x00000000b0600000, 0x00000000b3b80000, 0x00000000e5780000)
  object space 54784K, 10% used [0x00000000b0600000,0x00000000b0b60a78,0x00000000b3b80000)
 Metaspace       used 12204K, capacity 12458K, committed 12672K, reserved 1060864K
  class space    used 1539K, capacity 1641K, committed 1664K, reserved 1048576K
}
Event: 3.543 GC heap before
{Heap before GC invocations=4 (full 0):
 PSYoungGen      total 24064K, used 24040K [0x00000000e5780000, 0x00000000e7200000, 0x0000000100000000)
  eden space 20992K, 100% used [0x00000000e5780000,0x00000000e6c00000,0x00000000e6c00000)
  from space 3072K, 99% used [0x00000000e6c00000,0x00000000e6efa020,0x00000000e6f00000)
  to   space 3072K, 0% used [0x00000000e6f00000,0x00000000e6f00000,0x00000000e7200000)
 ParOldGen       total 54784K, used 5506K [0x00000000b0600000, 0x00000000b3b80000, 0x00000000e5780000)
  object space 54784K, 10% used [0x00000000b0600000,0x00000000b0b60a78,0x00000000b3b80000)
 Metaspace       used 14763K, capacity 15096K, committed 15232K, reserved 1062912K
  class space    used 1820K, capacity 1910K, committed 1920K, reserved 1048576K
Event: 3.557 GC heap after
Heap after GC invocations=4 (full 0):
 PSYoungGen      total 24064K, used 3064K [0x00000000e5780000, 0x00000000e7200000, 0x0000000100000000)
  eden space 20992K, 0% used [0x00000000e5780000,0x00000000e5780000,0x00000000e6c00000)
  from space 3072K, 99% used [0x00000000e6f00000,0x00000000e71fe010,0x00000000e7200000)
  to   space 3072K, 0% used [0x00000000e6c00000,0x00000000e6c00000,0x00000000e6f00000)
 ParOldGen       total 54784K, used 9597K [0x00000000b0600000, 0x00000000b3b80000, 0x00000000e5780000)
  object space 54784K, 17% used [0x00000000b0600000,0x00000000b0f5f500,0x00000000b3b80000)
 Metaspace       used 14763K, capacity 15096K, committed 15232K, reserved 1062912K
  class space    used 1820K, capacity 1910K, committed 1920K, reserved 1048576K
}
Event: 4.022 GC heap before
{Heap before GC invocations=5 (full 0):
 PSYoungGen      total 24064K, used 24056K [0x00000000e5780000, 0x00000000e7200000, 0x0000000100000000)
  eden space 20992K, 100% used [0x00000000e5780000,0x00000000e6c00000,0x00000000e6c00000)
  from space 3072K, 99% used [0x00000000e6f00000,0x00000000e71fe010,0x00000000e7200000)
  to   space 3072K, 0% used [0x00000000e6c00000,0x00000000e6c00000,0x00000000e6f00000)
 ParOldGen       total 54784K, used 9597K [0x00000000b0600000, 0x00000000b3b80000, 0x00000000e5780000)
  object space 54784K, 17% used [0x00000000b0600000,0x00000000b0f5f500,0x00000000b3b80000)
 Metaspace       used 14944K, capacity 15242K, committed 15488K, reserved 1062912K
  class space    used 1824K, capacity 1913K, committed 1920K, reserved 1048576K
Event: 4.037 GC heap after
Heap after GC invocations=5 (full 0):
 PSYoungGen      total 24064K, used 3048K [0x00000000e5780000, 0x00000000e7200000, 0x0000000100000000)
  eden space 20992K, 0% used [0x00000000e5780000,0x00000000e5780000,0x00000000e6c00000)
  from space 3072K, 99% used [0x00000000e6c00000,0x00000000e6efa040,0x00000000e6f00000)
  to   space 3072K, 0% used [0x00000000e6f00000,0x00000000e6f00000,0x00000000e7200000)
 ParOldGen       total 54784K, used 12681K [0x00000000b0600000, 0x00000000b3b80000, 0x00000000e5780000)
  object space 54784K, 23% used [0x00000000b0600000,0x00000000b1262510,0x00000000b3b80000)
 Metaspace       used 14944K, capacity 15242K, committed 15488K, reserved 1062912K
  class space    used 1824K, capacity 1913K, committed 1920K, reserved 1048576K
}
Event: 5.466 GC heap before
{Heap before GC invocations=6 (full 0):
 PSYoungGen      total 24064K, used 24040K [0x00000000e5780000, 0x00000000e7200000, 0x0000000100000000)
  eden space 20992K, 100% used [0x00000000e5780000,0x00000000e6c00000,0x00000000e6c00000)
  from space 3072K, 99% used [0x00000000e6c00000,0x00000000e6efa040,0x00000000e6f00000)
  to   space 3072K, 0% used [0x00000000e6f00000,0x00000000e6f00000,0x00000000e7200000)
 ParOldGen       total 54784K, used 12681K [0x00000000b0600000, 0x00000000b3b80000, 0x00000000e5780000)
  object space 54784K, 23% used [0x00000000b0600000,0x00000000b1262510,0x00000000b3b80000)
 Metaspace       used 15433K, capacity 15722K, committed 15872K, reserved 1062912K
  class space    used 1864K, capacity 1945K, committed 2048K, reserved 1048576K
Event: 5.487 GC heap after
Heap after GC invocations=6 (full 0):
 PSYoungGen      total 24064K, used 3048K [0x00000000e5780000, 0x00000000e7200000, 0x0000000100000000)
  eden space 20992K, 0% used [0x00000000e5780000,0x00000000e5780000,0x00000000e6c00000)
  from space 3072K, 99% used [0x00000000e6f00000,0x00000000e71fa040,0x00000000e7200000)
  to   space 3072K, 0% used [0x00000000e6c00000,0x00000000e6c00000,0x00000000e6f00000)
 ParOldGen       total 54784K, used 15972K [0x00000000b0600000, 0x00000000b3b80000, 0x00000000e5780000)
  object space 54784K, 29% used [0x00000000b0600000,0x00000000b1599058,0x00000000b3b80000)
 Metaspace       used 15433K, capacity 15722K, committed 15872K, reserved 1062912K
  class space    used 1864K, capacity 1945K, committed 2048K, reserved 1048576K
}

Deoptimization events (10 events):
Event: 4.618 Thread 0x0000000002d2e000 Uncommon trap: reason=unstable_if action=reinterpret pc=0x00000000030c7160 method=java.util.HashMap.hash(Ljava/lang/Object;)I @ 1
Event: 4.618 Thread 0x0000000002d2e000 Uncommon trap: reason=unstable_if action=reinterpret pc=0x00000000031020a8 method=java.util.HashMap.hash(Ljava/lang/Object;)I @ 1
Event: 4.666 Thread 0x0000000002d2e000 Uncommon trap: reason=unstable_if action=reinterpret pc=0x0000000003522358 method=org.codehaus.plexus.util.xml.pull.MXParser.nextImpl()I @ 310
Event: 4.696 Thread 0x0000000002d2e000 Uncommon trap: reason=unstable_if action=reinterpret pc=0x0000000003111ff4 method=sun.nio.cs.UTF_8$Decoder.decode([BII[C)I @ 30
Event: 4.738 Thread 0x0000000002d2e000 Uncommon trap: reason=null_check action=make_not_entrant pc=0x00000000035305dc method=org.apache.maven.model.io.xpp3.MavenXpp3Reader.checkFieldWithDuplicate(Lorg/codehaus/plexus/util/xml/pull/XmlPullParser;Ljava/lang/String;Ljava/lang/String;Ljava/util/Se
Event: 5.381 Thread 0x0000000002d2e000 Uncommon trap: reason=bimorphic action=maybe_recompile pc=0x00000000034f4428 method=java.util.regex.Pattern$BmpCharProperty.match(Ljava/util/regex/Matcher;ILjava/lang/CharSequence;)Z @ 16
Event: 5.381 Thread 0x0000000002d2e000 Uncommon trap: reason=bimorphic action=maybe_recompile pc=0x00000000034f4428 method=java.util.regex.Pattern$BmpCharProperty.match(Ljava/util/regex/Matcher;ILjava/lang/CharSequence;)Z @ 16
Event: 5.381 Thread 0x0000000002d2e000 Uncommon trap: reason=bimorphic action=maybe_recompile pc=0x00000000034f4428 method=java.util.regex.Pattern$BmpCharProperty.match(Ljava/util/regex/Matcher;ILjava/lang/CharSequence;)Z @ 16
Event: 5.381 Thread 0x0000000002d2e000 Uncommon trap: reason=bimorphic action=maybe_recompile pc=0x00000000034f4428 method=java.util.regex.Pattern$BmpCharProperty.match(Ljava/util/regex/Matcher;ILjava/lang/CharSequence;)Z @ 16
Event: 5.789 Thread 0x0000000002d2e000 Uncommon trap: reason=unstable_if action=reinterpret pc=0x00000000034054cc method=java.lang.String.trim()Ljava/lang/String; @ 63

Internal exceptions (10 events):
Event: 1.125 Thread 0x0000000002d2e000 Exception <a 'java/lang/ArrayIndexOutOfBoundsException'> (0x00000000e693cde0) thrown at [C:\re\workspace\8-2-build-windows-amd64-cygwin\jdk8u111\7883\hotspot\src\share\vm\runtime\sharedRuntime.cpp, line 605]
Event: 1.350 Thread 0x0000000002d2e000 Exception <a 'java/lang/ArrayIndexOutOfBoundsException': 73> (0x00000000e60fcdc0) thrown at [C:\re\workspace\8-2-build-windows-amd64-cygwin\jdk8u111\7883\hotspot\src\share\vm\interpreter\interpreterRuntime.cpp, line 366]
Event: 1.350 Thread 0x0000000002d2e000 Exception <a 'java/lang/ArrayIndexOutOfBoundsException': 131> (0x00000000e60fe768) thrown at [C:\re\workspace\8-2-build-windows-amd64-cygwin\jdk8u111\7883\hotspot\src\share\vm\interpreter\interpreterRuntime.cpp, line 366]
Event: 2.747 Thread 0x0000000002d2e000 Exception <a 'java/lang/NoClassDefFoundError': com/google/inject/servlet/ServletModuleTargetVisitor> (0x00000000e5a6a588) thrown at [C:\re\workspace\8-2-build-windows-amd64-cygwin\jdk8u111\7883\hotspot\src\share\vm\classfile\systemDictionary.cpp, line 199
Event: 2.747 Thread 0x0000000002d2e000 Exception <a 'java/lang/NoClassDefFoundError'> (0x00000000e5a6a588) thrown at [C:\re\workspace\8-2-build-windows-amd64-cygwin\jdk8u111\7883\hotspot\src\share\vm\prims\jvm.cpp, line 1390]
Event: 2.748 Thread 0x0000000002d2e000 Exception <a 'java/lang/NoClassDefFoundError': javax/annotation/Priority> (0x00000000e5a6f770) thrown at [C:\re\workspace\8-2-build-windows-amd64-cygwin\jdk8u111\7883\hotspot\src\share\vm\classfile\systemDictionary.cpp, line 199]
Event: 3.605 Thread 0x0000000002d2e000 Implicit null exception at 0x00000000034234d4 to 0x0000000003424765
Event: 4.618 Thread 0x0000000002d2e000 Implicit null exception at 0x00000000030c6f55 to 0x00000000030c7151
Event: 4.618 Thread 0x0000000002d2e000 Implicit null exception at 0x000000000310202f to 0x0000000003102099
Event: 4.738 Thread 0x0000000002d2e000 Implicit null exception at 0x0000000003530377 to 0x00000000035305c1

Events (10 events):
Event: 5.381 Thread 0x0000000002d2e000 DEOPT PACKING pc=0x00000000034f4428 sp=0x0000000002cccd10
Event: 5.381 Thread 0x0000000002d2e000 DEOPT UNPACKING pc=0x0000000002e7556a sp=0x0000000002cccce0 mode 2
Event: 5.381 Thread 0x0000000002d2e000 Uncommon trap: trap_request=0xffffffc6 fr.pc=0x00000000034f4428
Event: 5.381 Thread 0x0000000002d2e000 DEOPT PACKING pc=0x00000000034f4428 sp=0x0000000002cccd10
Event: 5.381 Thread 0x0000000002d2e000 DEOPT UNPACKING pc=0x0000000002e7556a sp=0x0000000002cccce0 mode 2
Event: 5.466 Executing VM operation: ParallelGCFailedAllocation
Event: 5.487 Executing VM operation: ParallelGCFailedAllocation done
Event: 5.789 Thread 0x0000000002d2e000 Uncommon trap: trap_request=0xffffff65 fr.pc=0x00000000034054cc
Event: 5.789 Thread 0x0000000002d2e000 DEOPT PACKING pc=0x00000000034054cc sp=0x0000000002ccc060
Event: 5.789 Thread 0x0000000002d2e000 DEOPT UNPACKING pc=0x0000000002e7556a sp=0x0000000002ccc020 mode 2


Dynamic libraries:
0x00007ff7f64d0000 - 0x00007ff7f6507000 	C:\Program Files\Java\jdk1.8.0_111\bin\java.exe
0x00007fff04a60000 - 0x00007fff04c32000 	C:\WINDOWS\SYSTEM32\ntdll.dll
0x00007fff04680000 - 0x00007fff0472c000 	C:\WINDOWS\System32\KERNEL32.DLL
0x00007fff01860000 - 0x00007fff01a7d000 	C:\WINDOWS\System32\KERNELBASE.dll
0x00007fff049b0000 - 0x00007fff04a52000 	C:\WINDOWS\System32\ADVAPI32.dll
0x00007fff02150000 - 0x00007fff021ee000 	C:\WINDOWS\System32\msvcrt.dll
0x00007fff03df0000 - 0x00007fff03e49000 	C:\WINDOWS\System32\sechost.dll
0x00007fff04760000 - 0x00007fff04881000 	C:\WINDOWS\System32\RPCRT4.dll
0x00007fff03ba0000 - 0x00007fff03d05000 	C:\WINDOWS\System32\USER32.dll
0x00007fff01a80000 - 0x00007fff01a9e000 	C:\WINDOWS\System32\win32u.dll
0x00007fff021f0000 - 0x00007fff02224000 	C:\WINDOWS\System32\GDI32.dll
0x00007fff01e70000 - 0x00007fff01ff0000 	C:\WINDOWS\System32\gdi32full.dll
0x00007ffeee970000 - 0x00007ffeeebea000 	C:\WINDOWS\WinSxS\amd64_microsoft.windows.common-controls_6595b64144ccf1df_6.0.14393.953_none_42151e83c686086b\COMCTL32.dll
0x00007fff043b0000 - 0x00007fff04678000 	C:\WINDOWS\System32\combase.dll
0x00007fff01d70000 - 0x00007fff01e65000 	C:\WINDOWS\System32\ucrtbase.dll
0x00007fff00fc0000 - 0x00007fff0102a000 	C:\WINDOWS\System32\bcryptPrimitives.dll
0x00007fff04730000 - 0x00007fff0475e000 	C:\WINDOWS\System32\IMM32.DLL
0x0000000053d40000 - 0x0000000053e12000 	C:\Program Files\Java\jdk1.8.0_111\jre\bin\msvcr100.dll
0x00000000534a0000 - 0x0000000053d3a000 	C:\Program Files\Java\jdk1.8.0_111\jre\bin\server\jvm.dll
0x00007fff03d70000 - 0x00007fff03d78000 	C:\WINDOWS\System32\PSAPI.DLL
0x00007ffefeb30000 - 0x00007ffefeb53000 	C:\WINDOWS\SYSTEM32\WINMM.dll
0x00007ffeff530000 - 0x00007ffeff53a000 	C:\WINDOWS\SYSTEM32\VERSION.dll
0x00007ffefe910000 - 0x00007ffefe919000 	C:\WINDOWS\SYSTEM32\WSOCK32.dll
0x00007fff040f0000 - 0x00007fff0415a000 	C:\WINDOWS\System32\WS2_32.dll
0x00007ffefead0000 - 0x00007ffefeafb000 	C:\WINDOWS\SYSTEM32\WINMMBASE.dll
0x00007fff01d20000 - 0x00007fff01d62000 	C:\WINDOWS\System32\cfgmgr32.dll
0x0000000054070000 - 0x000000005407f000 	C:\Program Files\Java\jdk1.8.0_111\jre\bin\verify.dll
0x0000000054040000 - 0x0000000054069000 	C:\Program Files\Java\jdk1.8.0_111\jre\bin\java.dll
0x0000000054020000 - 0x0000000054036000 	C:\Program Files\Java\jdk1.8.0_111\jre\bin\zip.dll
0x00007fff02670000 - 0x00007fff03b79000 	C:\WINDOWS\System32\SHELL32.dll
0x00007fff010e0000 - 0x00007fff017b9000 	C:\WINDOWS\System32\windows.storage.dll
0x00007fff00f10000 - 0x00007fff00f5c000 	C:\WINDOWS\System32\powrprof.dll
0x00007fff04950000 - 0x00007fff049a2000 	C:\WINDOWS\System32\shlwapi.dll
0x00007fff00ef0000 - 0x00007fff00eff000 	C:\WINDOWS\System32\kernel.appcore.dll
0x00007fff01030000 - 0x00007fff010d9000 	C:\WINDOWS\System32\shcore.dll
0x00007fff00ed0000 - 0x00007fff00ee4000 	C:\WINDOWS\System32\profapi.dll
0x00007ffefd890000 - 0x00007ffefd8a0000 	C:\Tool\ideaIU-2016.3.4.win\bin\breakgen64.dll
0x0000000053480000 - 0x000000005349a000 	C:\Program Files\Java\jdk1.8.0_111\jre\bin\net.dll
0x00007fff004a0000 - 0x00007fff004fc000 	C:\WINDOWS\system32\mswsock.dll
0x0000000053460000 - 0x0000000053471000 	C:\Program Files\Java\jdk1.8.0_111\jre\bin\nio.dll

VM Arguments:
jvm_args: -Dmaven.multiModuleProjectDirectory=C:\My\finance\dao -Dmaven.home=C:\Tool\ideaIU-2016.3.4.win\plugins\maven\lib\maven3 -Dclassworlds.conf=C:\Tool\ideaIU-2016.3.4.win\plugins\maven\lib\maven3\bin\m2.conf -Didea.launcher.port=7534 -Didea.launcher.bin.path=C:\Tool\ideaIU-2016.3.4.win\bin -Dfile.encoding=UTF-8 
java_command: com.intellij.rt.execution.application.AppMain org.codehaus.classworlds.Launcher -Didea.version=2016.3.4 compile
java_class_path (initial): C:\Tool\ideaIU-2016.3.4.win\plugins\maven\lib\maven3\boot\plexus-classworlds-2.5.2.jar;C:\Tool\ideaIU-2016.3.4.win\lib\idea_rt.jar
Launcher Type: SUN_STANDARD

Environment Variables:
JAVA_HOME=C:\Program Files\Java\jdk1.8.0_111
CLASSPATH=.;C:\Program Files\Java\jdk1.8.0_111\lib\dt.jar;C:\Program Files\Java\jdk1.8.0_111\lib\tools.jar;C:\apache-tomcat-9.0.0.M13\lib\servlet-api.jar;
PATH=C:\Program Files\Java\jdk1.8.0_111\bin;C:\Program Files\Java\jdk1.8.0_111\jre\bin;C:\apache-tomcat-7.0.82\bin;C:\Windows\System32;C:\apache-maven-3.0.5\bin;C:\Tool\mysql-5.6.35\bin;C:\Program Files\dotnet\;C:\Program Files\OpenVPN\bin;C:\Program Files\nodejs\;C:\Tool\Anaconda_step;C:\Tool\Anaconda_step\Library\mingw-w64\bin;C:\Tool\Anaconda_step\Library\usr\bin;C:\Tool\Anaconda_step\Library\bin;C:\Tool\Anaconda_step\Scripts;C:\Users\admin\AppData\Local\Microsoft\WindowsApps;C:\Program Files (x86)\Microsoft VS Code\bin;C:\Users\admin\AppData\Roaming\npm;C:\Users\admin\AppData\Local\GitHubDesktop\bin
USERNAME=admin
OS=Windows_NT
PROCESSOR_IDENTIFIER=Intel64 Family 6 Model 61 Stepping 4, GenuineIntel



---------------  S Y S T E M  ---------------

OS: Windows 10.0 , 64 bit Build 14393 (10.0.14393.1198)

CPU:total 3 (3 cores per cpu, 1 threads per core) family 6 model 61 stepping 4, cmov, cx8, fxsr, mmx, sse, sse2, sse3, ssse3, sse4.1, sse4.2, popcnt, avx, avx2, aes, clmul, erms, lzcnt, tsc, bmi1, bmi2, adx

Memory: 4k page, physical 5213728k(895936k free), swap 14900160k(6352k free)

vm_info: Java HotSpot(TM) 64-Bit Server VM (25.111-b14) for windows-amd64 JRE (1.8.0_111-b14), built on Sep 22 2016 19:24:05 by "java_re" with MS VC++ 10.0 (VS2010)

time: Fri Mar 02 10:23:31 2018
elapsed time: 5 seconds (0d 0h 0m 5s)

