#
# There is insufficient memory for the Java Runtime Environment to continue.
# Native memory allocation (malloc) failed to allocate 1048576 bytes for AllocateHeap
# Possible reasons:
#   The system is out of physical RAM or swap space
#   In 32 bit mode, the process size limit was hit
# Possible solutions:
#   Reduce memory load on the system
#   Increase physical memory or swap space
#   Check if swap backing store is full
#   Use 64 bit Java on a 64 bit OS
#   Decrease Java heap size (-Xmx/-Xms)
#   Decrease number of Java threads
#   Decrease Java thread stack sizes (-Xss)
#   Set larger code cache with -XX:ReservedCodeCacheSize=
# This output file may be truncated or incomplete.
#
#  Out of Memory Error (memory/allocation.inline.hpp:61), pid=196, tid=0x000000000000358c
#
# JRE version:  (8.0_111-b14) (build )
# Java VM: Java HotSpot(TM) 64-Bit Server VM (25.111-b14 mixed mode windows-amd64 compressed oops)
# Failed to write core dump. Minidumps are not enabled by default on client versions of Windows
#

---------------  T H R E A D  ---------------

Current thread (0x00000000033f0800):  JavaThread "Unknown thread" [_thread_in_vm, id=13708, stack(0x00000000032f0000,0x00000000033f0000)]

Stack: [0x00000000032f0000,0x00000000033f0000]
[error occurred during error reporting (printing stack bounds), id 0xc0000005]

Native frames: (J=compiled Java code, j=interpreted, Vv=VM code, C=native code)


---------------  P R O C E S S  ---------------

Java Threads: ( => current thread )

Other Threads:

=>0x00000000033f0800 (exited) JavaThread "Unknown thread" [_thread_in_vm, id=13708, stack(0x00000000032f0000,0x00000000033f0000)]

VM state:not at safepoint (normal execution)

VM Mutex/Monitor currently owned by a thread: None

Heap:
 PSYoungGen      total 24064K, used 419K [0x00000000e5780000, 0x00000000e7200000, 0x0000000100000000)
  eden space 20992K, 2% used [0x00000000e5780000,0x00000000e57e8f68,0x00000000e6c00000)
  from space 3072K, 0% used [0x00000000e6f00000,0x00000000e6f00000,0x00000000e7200000)
  to   space 3072K, 0% used [0x00000000e6c00000,0x00000000e6c00000,0x00000000e6f00000)
 ParOldGen       total 54784K, used 0K [0x00000000b0600000, 0x00000000b3b80000, 0x00000000e5780000)
  object space 54784K, 0% used [0x00000000b0600000,0x00000000b0600000,0x00000000b3b80000)
 Metaspace       used 770K, capacity 4480K, committed 4480K, reserved 1056768K
  class space    used 75K, capacity 384K, committed 384K, reserved 1048576K

Card table byte_map: [0x00000000128b0000,0x0000000012b30000] byte_map_base: 0x000000001232d000

Marking Bits: (ParMarkBitMap*) 0x0000000053cba6c0
 Begin Bits: [0x0000000012fe0000, 0x00000000143c8000)
 End Bits:   [0x00000000143c8000, 0x00000000157b0000)

Polling page: 0x0000000001170000

CodeCache: size=245760Kb used=328Kb max_used=328Kb free=245431Kb
 bounds [0x00000000034f0000, 0x0000000003760000, 0x00000000124f0000]
 total_blobs=57 nmethods=0 adapters=38
 compilation: enabled

Compilation events (0 events):
No events

GC Heap History (0 events):
No events

Deoptimization events (0 events):
No events

Internal exceptions (0 events):
No events

Events (10 events):
Event: 0.032 loading class java/lang/Short
Event: 0.032 loading class java/lang/Short done
Event: 0.032 loading class java/lang/Integer
Event: 0.033 loading class java/lang/Integer done
Event: 0.033 loading class java/lang/Long
Event: 0.033 loading class java/lang/Long done
Event: 0.033 loading class java/lang/NullPointerException
Event: 0.033 loading class java/lang/NullPointerException done
Event: 0.033 loading class java/lang/ArithmeticException
Event: 0.033 loading class java/lang/ArithmeticException done


Dynamic libraries:
0x00007ff7fa480000 - 0x00007ff7fa4b7000 	C:\Program Files\Java\jdk1.8.0_111\jre\bin\java.exe
0x00007fff04a60000 - 0x00007fff04c32000 	C:\WINDOWS\SYSTEM32\ntdll.dll
0x00007fff04680000 - 0x00007fff0472c000 	C:\WINDOWS\System32\KERNEL32.DLL
0x00007fff01860000 - 0x00007fff01a7d000 	C:\WINDOWS\System32\KERNELBASE.dll
0x00007fff049b0000 - 0x00007fff04a52000 	C:\WINDOWS\System32\ADVAPI32.dll
0x00007fff02150000 - 0x00007fff021ee000 	C:\WINDOWS\System32\msvcrt.dll
0x00007fff03df0000 - 0x00007fff03e49000 	C:\WINDOWS\System32\sechost.dll
0x00007fff04760000 - 0x00007fff04881000 	C:\WINDOWS\System32\RPCRT4.dll
0x00007fff03ba0000 - 0x00007fff03d05000 	C:\WINDOWS\System32\USER32.dll
0x00007fff01a80000 - 0x00007fff01a9e000 	C:\WINDOWS\System32\win32u.dll
0x00007fff021f0000 - 0x00007fff02224000 	C:\WINDOWS\System32\GDI32.dll
0x00007fff01e70000 - 0x00007fff01ff0000 	C:\WINDOWS\System32\gdi32full.dll
0x00007ffeee970000 - 0x00007ffeeebea000 	C:\WINDOWS\WinSxS\amd64_microsoft.windows.common-controls_6595b64144ccf1df_6.0.14393.953_none_42151e83c686086b\COMCTL32.dll
0x00007fff043b0000 - 0x00007fff04678000 	C:\WINDOWS\System32\combase.dll
0x00007fff01d70000 - 0x00007fff01e65000 	C:\WINDOWS\System32\ucrtbase.dll
0x00007fff00fc0000 - 0x00007fff0102a000 	C:\WINDOWS\System32\bcryptPrimitives.dll
0x00007fff04730000 - 0x00007fff0475e000 	C:\WINDOWS\System32\IMM32.DLL
0x0000000053d40000 - 0x0000000053e12000 	C:\Program Files\Java\jdk1.8.0_111\jre\bin\msvcr100.dll
0x00000000534a0000 - 0x0000000053d3a000 	C:\Program Files\Java\jdk1.8.0_111\jre\bin\server\jvm.dll
0x00007fff03d70000 - 0x00007fff03d78000 	C:\WINDOWS\System32\PSAPI.DLL
0x00007ffeff530000 - 0x00007ffeff53a000 	C:\WINDOWS\SYSTEM32\VERSION.dll
0x00007ffefeb30000 - 0x00007ffefeb53000 	C:\WINDOWS\SYSTEM32\WINMM.dll
0x00007ffefe910000 - 0x00007ffefe919000 	C:\WINDOWS\SYSTEM32\WSOCK32.dll
0x00007fff040f0000 - 0x00007fff0415a000 	C:\WINDOWS\System32\WS2_32.dll
0x00007ffefead0000 - 0x00007ffefeafb000 	C:\WINDOWS\SYSTEM32\WINMMBASE.dll
0x00007fff01d20000 - 0x00007fff01d62000 	C:\WINDOWS\System32\cfgmgr32.dll
0x0000000054070000 - 0x000000005407f000 	C:\Program Files\Java\jdk1.8.0_111\jre\bin\verify.dll
0x0000000054040000 - 0x0000000054069000 	C:\Program Files\Java\jdk1.8.0_111\jre\bin\java.dll
0x0000000054020000 - 0x0000000054036000 	C:\Program Files\Java\jdk1.8.0_111\jre\bin\zip.dll

VM Arguments:
java_command: C:\My\finance\service\target\surefire\surefirebooter8403472515084461615.jar C:\My\finance\service\target\surefire\surefire3516054196501561323tmp C:\My\finance\service\target\surefire\surefire_22266145153104631188tmp
java_class_path (initial): C:\My\finance\service\target\surefire\surefirebooter8403472515084461615.jar
Launcher Type: SUN_STANDARD

Environment Variables:
JAVA_HOME=C:\Program Files\Java\jdk1.8.0_111
CLASSPATH=.;C:\Program Files\Java\jdk1.8.0_111\lib\dt.jar;C:\Program Files\Java\jdk1.8.0_111\lib\tools.jar;C:\apache-tomcat-9.0.0.M13\lib\servlet-api.jar;
PATH=C:\Program Files\Java\jdk1.8.0_111\bin;C:\Program Files\Java\jdk1.8.0_111\jre\bin;C:\apache-tomcat-7.0.82\bin;C:\Windows\System32;C:\apache-maven-3.0.5\bin;C:\Tool\mysql-5.6.35\bin;C:\Program Files\dotnet\;C:\Program Files\OpenVPN\bin;C:\Program Files\nodejs\;C:\Tool\Anaconda_step;C:\Tool\Anaconda_step\Library\mingw-w64\bin;C:\Tool\Anaconda_step\Library\usr\bin;C:\Tool\Anaconda_step\Library\bin;C:\Tool\Anaconda_step\Scripts;C:\Users\admin\AppData\Local\Microsoft\WindowsApps;C:\Program Files (x86)\Microsoft VS Code\bin;C:\Users\admin\AppData\Roaming\npm;C:\Users\admin\AppData\Local\GitHubDesktop\bin
USERNAME=admin
OS=Windows_NT
PROCESSOR_IDENTIFIER=Intel64 Family 6 Model 61 Stepping 4, GenuineIntel



---------------  S Y S T E M  ---------------

OS: Windows 10.0 , 64 bit Build 14393 (10.0.14393.1198)

CPU:total 3 (3 cores per cpu, 1 threads per core) family 6 model 61 stepping 4, cmov, cx8, fxsr, mmx, sse, sse2, sse3, ssse3, sse4.1, sse4.2, popcnt, avx, avx2, aes, clmul, erms, lzcnt, tsc, bmi1, bmi2, adx

Memory: 4k page, physical 5213728k(1178212k free), swap 14900160k(5700k free)

vm_info: Java HotSpot(TM) 64-Bit Server VM (25.111-b14) for windows-amd64 JRE (1.8.0_111-b14), built on Sep 22 2016 19:24:05 by "java_re" with MS VC++ 10.0 (VS2010)

time: Fri Mar 02 10:14:52 2018
elapsed time: 0 seconds (0d 0h 0m 0s)

